<?xml version="1.0" encoding="UTF-8"?>
<!-- Generated by org.testng.reporters.JUnitReportReporter -->
<testsuite hostname="DESKTOP-IEC0DB0" failures="0" tests="3" name="cucmbervikashmarch.Testrunner" time="24.392" errors="0" timestamp="2024-03-04T17:23:58 IST" skipped="0">
  <testcase classname="cucmbervikashmarch.Testrunner" name="runScenario" time="5.634"/>
  <testcase classname="cucmbervikashmarch.Testrunner" name="runScenario" time="7.763"/>
  <testcase classname="cucmbervikashmarch.Testrunner" name="runScenario" time="10.995"/>
</testsuite> <!-- cucmbervikashmarch.Testrunner -->
