<?xml version="1.0" encoding="UTF-8"?>
<!-- Generated by org.testng.reporters.JUnitReportReporter -->
<testsuite hostname="DESKTOP-IEC0DB0" failures="0" tests="1" name="runner.TestrunnerForTags" time="0.216" errors="0" timestamp="2024-03-05T17:10:01 IST" skipped="0">
  <testcase classname="runner.TestrunnerForTags" name="runScenario" time="0.216"/>
</testsuite> <!-- runner.TestrunnerForTags -->
