<?xml version="1.0" encoding="UTF-8"?>
<!-- Generated by org.testng.reporters.JUnitReportReporter -->
<testsuite hostname="DESKTOP-IEC0DB0" failures="0" tests="6" name="runner.Testrunner" time="84.568" errors="0" timestamp="2024-03-19T12:14:56 IST" skipped="0">
  <testcase classname="runner.Testrunner" name="runScenario" time="17.157"/>
  <testcase classname="runner.Testrunner" name="runScenario" time="16.158"/>
  <testcase classname="runner.Testrunner" name="runScenario" time="12.009"/>
  <testcase classname="runner.Testrunner" name="runScenario" time="11.323"/>
  <testcase classname="runner.Testrunner" name="runScenario" time="11.318"/>
  <testcase classname="runner.Testrunner" name="runScenario" time="16.603"/>
</testsuite> <!-- runner.Testrunner -->
