<?xml version="1.0" encoding="UTF-8"?>
<!-- Generated by org.testng.reporters.JUnitReportReporter -->
<testsuite hostname="DESKTOP-IEC0DB0" failures="0" tests="1" name="runner.TestrunnerForTags" time="0.007" errors="0" timestamp="2024-03-19T12:14:56 IST" skipped="0">
  <testcase classname="runner.TestrunnerForTags" name="runScenario" time="0.007"/>
</testsuite> <!-- runner.TestrunnerForTags -->
