<?xml version="1.0" encoding="UTF-8"?>
<!-- Generated by org.testng.reporters.JUnitReportReporter -->
<testsuite hostname="DESKTOP-IEC0DB0" failures="0" tests="6" name="runner.Testrunner" time="78.611" errors="0" timestamp="2024-03-22T20:34:29 IST" skipped="0">
  <testcase classname="runner.Testrunner" name="runScenario" time="12.586"/>
  <testcase classname="runner.Testrunner" name="runScenario" time="11.295"/>
  <testcase classname="runner.Testrunner" name="runScenario" time="11.315"/>
  <testcase classname="runner.Testrunner" name="runScenario" time="11.593"/>
  <testcase classname="runner.Testrunner" name="runScenario" time="16.814"/>
  <testcase classname="runner.Testrunner" name="runScenario" time="15.008"/>
</testsuite> <!-- runner.Testrunner -->
